<?xml version="1.0" encoding="UTF-8"?>
<!-- Generated by org.testng.reporters.JUnitReportReporter -->
<testsuite hostname="Dimon-PC" name="com.searchAPITest.HttpURLConnectionExample_GETTest" tests="3" failures="0" timestamp="7 Jun 2015 22:06:17 GMT" time="2.456" errors="0">
  <testcase name="sendGet_2" time="0.366" classname="com.searchAPITest.HttpURLConnectionExample_GETTest"/>
  <testcase name="sendGet" time="1.605" classname="com.searchAPITest.HttpURLConnectionExample_GETTest"/>
  <testcase name="sendGet_1" time="0.485" classname="com.searchAPITest.HttpURLConnectionExample_GETTest"/>
</testsuite> <!-- com.searchAPITest.HttpURLConnectionExample_GETTest -->
