<?xml version="1.0" encoding="UTF-8"?>
<!-- Generated by org.testng.reporters.JUnitReportReporter -->
<testsuite hostname="Dimon-PC" name="com.searchAPI.HttpURLConnectionExample_GETTest" tests="3" failures="0" timestamp="7 Jun 2015 22:04:55 GMT" time="2.907" errors="0">
  <testcase name="sendGet_2" time="0.985" classname="com.searchAPI.HttpURLConnectionExample_GETTest"/>
  <testcase name="sendGet" time="1.507" classname="com.searchAPI.HttpURLConnectionExample_GETTest"/>
  <testcase name="sendGet_1" time="0.415" classname="com.searchAPI.HttpURLConnectionExample_GETTest"/>
</testsuite> <!-- com.searchAPI.HttpURLConnectionExample_GETTest -->
