<?xml version="1.0" encoding="UTF-8"?>
<!-- Generated by org.testng.reporters.JUnitReportReporter -->
<testsuite hostname="Dimon-PC" name="searchAPITest.HttpURLConnectionExample_GETTest" tests="3" failures="0" timestamp="6 Jun 2015 03:17:03 GMT" time="4.317" errors="0">
  <testcase name="sendGet_2" time="1.490" classname="searchAPITest.HttpURLConnectionExample_GETTest"/>
  <testcase name="sendGet" time="2.272" classname="searchAPITest.HttpURLConnectionExample_GETTest"/>
  <testcase name="sendGet_1" time="0.555" classname="searchAPITest.HttpURLConnectionExample_GETTest"/>
</testsuite> <!-- searchAPITest.HttpURLConnectionExample_GETTest -->
